<?xml version="1.0" encoding="UTF-8"?>
<!-- Generated by org.testng.reporters.JUnitReportReporter -->
<testsuite hostname="DESKTOP-O6V9D41" failures="0" tests="1" name="com.IVRM.TestScripts.dummy" time="3.742" errors="0" timestamp="2024-04-18T09:30:15 IST" skipped="0">
  <testcase classname="com.IVRM.TestScripts.dummy" name="loginp" time="3.742"/>
  <system-out>
    <![CDATA[login successfull]]>
  </system-out>
</testsuite> <!-- com.IVRM.TestScripts.dummy -->
