<?xml version="1.0" encoding="UTF-8"?>
<!-- Generated by org.testng.reporters.JUnitReportReporter -->
<testsuite hostname="DESKTOP-O6V9D41" failures="0" tests="1" name="com.IVRM.TestScripts.PreAdmission_ApplicationForm" time="18.893" errors="0" timestamp="2024-05-07T13:52:12 IST" skipped="0">
  <testcase classname="com.IVRM.TestScripts.PreAdmission_ApplicationForm" name="Applicationform" time="18.893"/>
  <system-out>
    <![CDATA[Test started at: 2024-05-07 13:51:52
we have 9 sub modules under Preadmission Module
  Master Configuration
  Document View
  Pre admission Points
  Application Form
  Interview Schedule
  Marks Entry
  Pre admission Status
  Transfer Student
  Reports
Test ended at: 2024-05-07 13:52:10]]>
  </system-out>
</testsuite> <!-- com.IVRM.TestScripts.PreAdmission_ApplicationForm -->
