<?xml version="1.0" encoding="UTF-8"?>
<!-- Generated by org.testng.reporters.JUnitReportReporter -->
<testsuite hostname="DESKTOP-O6V9D41" failures="0" tests="1" name="com.IVRM.TestScripts.PreAdmission_ApplicationForm" time="32.690" errors="0" timestamp="2024-05-27T14:49:37 IST" skipped="0">
  <testcase classname="com.IVRM.TestScripts.PreAdmission_ApplicationForm" name="Applicationform" time="32.690"/>
  <system-out>
    <![CDATA[Test started at: 2024-05-27 14:49:06
we have 9 sub modules under Preadmission Module
  Master Configuration
  Document View
  Pre admission Points
  Application Form
  Interview Schedule
  Marks Entry
  Pre admission Status
  Transfer Student
  Reports
Test ended at: 2024-05-27 14:49:35]]>
  </system-out>
</testsuite> <!-- com.IVRM.TestScripts.PreAdmission_ApplicationForm -->
